Info: Starting: Create block symbol file (.bsf)
Info: ip-generate --project-directory=E:/1AAA/2_Verilog/cnc/qsys/hardware/ --output-directory=E:/1AAA/2_Verilog/cnc/qsys/hardware/qsys/ --report-file=bsf:E:/1AAA/2_Verilog/cnc/qsys/hardware/qsys.bsf --system-info=DEVICE_FAMILY="Cyclone IV GX" --system-info=DEVICE=EP4CGX75CF23I7 --system-info=DEVICE_SPEEDGRADE=7 --component-file=E:/1AAA/2_Verilog/cnc/qsys/hardware/qsys.qsys
Progress: Loading hardware/qsys.qsys
Progress: Reading input file
Progress: Adding clk_0 [clock_source 13.1]
Progress: Parameterizing module clk_0
Progress: Adding nios2_qsys_0 [altera_nios2_qsys 13.1]
Progress: Parameterizing module nios2_qsys_0
Progress: Adding onchip_memory2_0 [altera_avalon_onchip_memory2 13.1]
Progress: Parameterizing module onchip_memory2_0
Progress: Adding jtag_uart_0 [altera_avalon_jtag_uart 13.1]
Progress: Parameterizing module jtag_uart_0
Progress: Adding sysid_qsys_0 [altera_avalon_sysid_qsys 13.1]
Progress: Parameterizing module sysid_qsys_0
Progress: Building connections
Progress: Parameterizing connections
Progress: Validating
Progress: Done reading input file
Info: qsys.sysid_qsys_0: System ID is not assigned automatically. Edit the System ID parameter to provide a unique ID
Info: qsys.sysid_qsys_0: Time stamp will be automatically updated when this component is generated.
Info: ip-generate succeeded.
Info: Finished: Create block symbol file (.bsf)
Info: 
Info: Starting: Create HDL design files for synthesis
Info: ip-generate --project-directory=E:/1AAA/2_Verilog/cnc/qsys/hardware/ --output-directory=E:/1AAA/2_Verilog/cnc/qsys/hardware/qsys/synthesis/ --file-set=QUARTUS_SYNTH --report-file=html:E:/1AAA/2_Verilog/cnc/qsys/hardware/qsys.html --report-file=sopcinfo:E:/1AAA/2_Verilog/cnc/qsys/hardware/qsys.sopcinfo --report-file=cmp:E:/1AAA/2_Verilog/cnc/qsys/hardware/qsys.cmp --report-file=qip:E:/1AAA/2_Verilog/cnc/qsys/hardware/qsys/synthesis/qsys.qip --report-file=svd --report-file=regmap:E:/1AAA/2_Verilog/cnc/qsys/hardware/qsys/synthesis/qsys.regmap --report-file=debuginfo:E:/1AAA/2_Verilog/cnc/qsys/hardware/qsys/synthesis/qsys.debuginfo --system-info=DEVICE_FAMILY="Cyclone IV GX" --system-info=DEVICE=EP4CGX75CF23I7 --system-info=DEVICE_SPEEDGRADE=7 --component-file=E:/1AAA/2_Verilog/cnc/qsys/hardware/qsys.qsys --language=VERILOG
Progress: Loading hardware/qsys.qsys
Progress: Reading input file
Progress: Adding clk_0 [clock_source 13.1]
Progress: Parameterizing module clk_0
Progress: Adding nios2_qsys_0 [altera_nios2_qsys 13.1]
Progress: Parameterizing module nios2_qsys_0
Progress: Adding onchip_memory2_0 [altera_avalon_onchip_memory2 13.1]
Progress: Parameterizing module onchip_memory2_0
Progress: Adding jtag_uart_0 [altera_avalon_jtag_uart 13.1]
Progress: Parameterizing module jtag_uart_0
Progress: Adding sysid_qsys_0 [altera_avalon_sysid_qsys 13.1]
Progress: Parameterizing module sysid_qsys_0
Progress: Building connections
Progress: Parameterizing connections
Progress: Validating
Progress: Done reading input file
Info: qsys.sysid_qsys_0: System ID is not assigned automatically. Edit the System ID parameter to provide a unique ID
Info: qsys.sysid_qsys_0: Time stamp will be automatically updated when this component is generated.
Info: qsys: Generating qsys "qsys" for QUARTUS_SYNTH
Info: pipeline_bridge_swap_transform: After transform: 5 modules, 19 connections
Info: No custom instruction connections, skipping transform 
Info: merlin_initial_interconnect_transform: After transform: 5 modules, 18 connections
Info: merlin_translator_transform: After transform: 11 modules, 42 connections
Info: merlin_domain_transform: After transform: 22 modules, 114 connections
Info: merlin_router_transform: After transform: 28 modules, 138 connections
Info: merlin_traffic_limiter_transform: After transform: 30 modules, 148 connections
Info: merlin_network_to_switch_transform: After transform: 41 modules, 178 connections
Info: limiter_update_transform: After transform: 41 modules, 180 connections
Info: merlin_clock_and_reset_bridge_transform: After transform: 43 modules, 222 connections
Info: merlin_hierarchy_transform: After transform: 6 modules, 22 connections
Info: merlin_mm_transform: After transform: 6 modules, 22 connections
Info: merlin_interrupt_mapper_transform: After transform: 7 modules, 26 connections
Info: reset_adaptation_transform: After transform: 9 modules, 28 connections
Info: nios2_qsys_0: Starting RTL generation for module 'qsys_nios2_qsys_0'
Info: nios2_qsys_0:   Generation command is [exec D:/altera/13.1/quartus/bin/eperlcmd.exe -I D:/altera/13.1/quartus/bin/perl/lib -I D:/altera/13.1/quartus/sopc_builder/bin/europa -I D:/altera/13.1/quartus/sopc_builder/bin/perl_lib -I D:/altera/13.1/quartus/sopc_builder/bin -I D:/altera/13.1/quartus/../ip/altera/nios2_ip/altera_nios2/cpu_lib -I D:/altera/13.1/quartus/../ip/altera/nios2_ip/altera_nios2/nios_lib -I D:/altera/13.1/quartus/../ip/altera/nios2_ip/altera_nios2 -I D:/altera/13.1/quartus/../ip/altera/nios2_ip/altera_nios2 -- D:/altera/13.1/quartus/../ip/altera/nios2_ip/altera_nios2/generate_rtl.epl --name=qsys_nios2_qsys_0 --dir=C:/Users/Tong/AppData/Local/Temp/alt8786_8788083928970548090.dir/0047_nios2_qsys_0_gen/ --quartus_dir=D:/altera/13.1/quartus --verilog --config=C:/Users/Tong/AppData/Local/Temp/alt8786_8788083928970548090.dir/0047_nios2_qsys_0_gen//qsys_nios2_qsys_0_processor_configuration.pl  --do_build_sim=0  ]
Info: nios2_qsys_0: # 2021.06.08 17:40:55 (*) Starting Nios II generation
Info: nios2_qsys_0: # 2021.06.08 17:40:55 (*)   Checking for plaintext license.
Info: nios2_qsys_0: # 2021.06.08 17:40:56 (*)   Plaintext license not found.
Info: nios2_qsys_0: # 2021.06.08 17:40:56 (*)   Checking for encrypted license (non-evaluation).
Info: nios2_qsys_0: # 2021.06.08 17:40:57 (*)   Encrypted license found.  SOF will not be time-limited.
Info: nios2_qsys_0: # 2021.06.08 17:40:57 (*)   Elaborating CPU configuration settings
Info: nios2_qsys_0: # 2021.06.08 17:40:57 (*)   Creating all objects for CPU
Info: nios2_qsys_0: # 2021.06.08 17:40:57 (*)     Testbench
Info: nios2_qsys_0: # 2021.06.08 17:40:57 (*)     Instruction decoding
Info: nios2_qsys_0: # 2021.06.08 17:40:57 (*)       Instruction fields
Info: nios2_qsys_0: # 2021.06.08 17:40:57 (*)       Instruction decodes
Info: nios2_qsys_0: # 2021.06.08 17:40:58 (*)       Signals for RTL simulation waveforms
Info: nios2_qsys_0: # 2021.06.08 17:40:58 (*)       Instruction controls
Info: nios2_qsys_0: # 2021.06.08 17:40:58 (*)     Pipeline frontend
Info: nios2_qsys_0: # 2021.06.08 17:40:58 (*)     Pipeline backend
Info: nios2_qsys_0: # 2021.06.08 17:41:00 (*)   Generating RTL from CPU objects
Info: nios2_qsys_0: # 2021.06.08 17:41:02 (*)   Creating encrypted RTL
Info: nios2_qsys_0: # 2021.06.08 17:41:03 (*) Done Nios II generation
Info: nios2_qsys_0: Done RTL generation for module 'qsys_nios2_qsys_0'
Info: nios2_qsys_0: "qsys" instantiated altera_nios2_qsys "nios2_qsys_0"
Info: onchip_memory2_0: Starting RTL generation for module 'qsys_onchip_memory2_0'
Info: onchip_memory2_0:   Generation command is [exec D:/altera/13.1/quartus/bin/perl/bin/perl.exe -I D:/altera/13.1/quartus/bin/perl/lib -I D:/altera/13.1/quartus/sopc_builder/bin/europa -I D:/altera/13.1/quartus/sopc_builder/bin/perl_lib -I D:/altera/13.1/quartus/sopc_builder/bin -I D:/altera/13.1/quartus/../ip/altera/sopc_builder_ip/common -I D:/altera/13.1/quartus/../ip/altera/sopc_builder_ip/altera_avalon_onchip_memory2 -- D:/altera/13.1/quartus/../ip/altera/sopc_builder_ip/altera_avalon_onchip_memory2/generate_rtl.pl --name=qsys_onchip_memory2_0 --dir=C:/Users/Tong/AppData/Local/Temp/alt8786_8788083928970548090.dir/0048_onchip_memory2_0_gen/ --quartus_dir=D:/altera/13.1/quartus --verilog --config=C:/Users/Tong/AppData/Local/Temp/alt8786_8788083928970548090.dir/0048_onchip_memory2_0_gen//qsys_onchip_memory2_0_component_configuration.pl  --do_build_sim=0  ]
Info: onchip_memory2_0: Done RTL generation for module 'qsys_onchip_memory2_0'
Info: onchip_memory2_0: "qsys" instantiated altera_avalon_onchip_memory2 "onchip_memory2_0"
Info: jtag_uart_0: Starting RTL generation for module 'qsys_jtag_uart_0'
Info: jtag_uart_0:   Generation command is [exec D:/altera/13.1/quartus/bin/perl/bin/perl.exe -I D:/altera/13.1/quartus/bin/perl/lib -I D:/altera/13.1/quartus/sopc_builder/bin/europa -I D:/altera/13.1/quartus/sopc_builder/bin/perl_lib -I D:/altera/13.1/quartus/sopc_builder/bin -I D:/altera/13.1/quartus/../ip/altera/sopc_builder_ip/common -I D:/altera/13.1/quartus/../ip/altera/sopc_builder_ip/altera_avalon_jtag_uart -- D:/altera/13.1/quartus/../ip/altera/sopc_builder_ip/altera_avalon_jtag_uart/generate_rtl.pl --name=qsys_jtag_uart_0 --dir=C:/Users/Tong/AppData/Local/Temp/alt8786_8788083928970548090.dir/0049_jtag_uart_0_gen/ --quartus_dir=D:/altera/13.1/quartus --verilog --config=C:/Users/Tong/AppData/Local/Temp/alt8786_8788083928970548090.dir/0049_jtag_uart_0_gen//qsys_jtag_uart_0_component_configuration.pl  --do_build_sim=0  ]
Info: jtag_uart_0: Done RTL generation for module 'qsys_jtag_uart_0'
Info: jtag_uart_0: "qsys" instantiated altera_avalon_jtag_uart "jtag_uart_0"
Info: sysid_qsys_0: "qsys" instantiated altera_avalon_sysid_qsys "sysid_qsys_0"
Info: pipeline_bridge_swap_transform: After transform: 38 modules, 127 connections
Info: No custom instruction connections, skipping transform 
Info: merlin_initial_interconnect_transform: After transform: 0 modules, 0 connections
Info: No Avalon connections, skipping transform 
Info: merlin_hierarchy_transform: After transform: 38 modules, 127 connections
Info: merlin_initial_interconnect_transform: After transform: 0 modules, 0 connections
Info: No Avalon connections, skipping transform 
Info: merlin_hierarchy_transform: After transform: 38 modules, 127 connections
Info: merlin_initial_interconnect_transform: After transform: 0 modules, 0 connections
Info: No Avalon connections, skipping transform 
Info: merlin_hierarchy_transform: After transform: 38 modules, 127 connections
Info: merlin_initial_interconnect_transform: After transform: 0 modules, 0 connections
Info: No Avalon connections, skipping transform 
Info: merlin_hierarchy_transform: After transform: 38 modules, 127 connections
Info: merlin_initial_interconnect_transform: After transform: 0 modules, 0 connections
Info: No Avalon connections, skipping transform 
Info: merlin_hierarchy_transform: After transform: 38 modules, 127 connections
Info: merlin_initial_interconnect_transform: After transform: 0 modules, 0 connections
Info: No Avalon connections, skipping transform 
Info: merlin_hierarchy_transform: After transform: 38 modules, 127 connections
Info: mm_interconnect_0: "qsys" instantiated altera_merlin_interconnect_wrapper "mm_interconnect_0"
Info: irq_mapper: "qsys" instantiated altera_irq_mapper "irq_mapper"
Info: rst_controller: "qsys" instantiated altera_reset_controller "rst_controller"
Info: nios2_qsys_0_instruction_master_translator: "mm_interconnect_0" instantiated altera_merlin_master_translator "nios2_qsys_0_instruction_master_translator"
Info: nios2_qsys_0_jtag_debug_module_translator: "mm_interconnect_0" instantiated altera_merlin_slave_translator "nios2_qsys_0_jtag_debug_module_translator"
Info: nios2_qsys_0_instruction_master_translator_avalon_universal_master_0_agent: "mm_interconnect_0" instantiated altera_merlin_master_agent "nios2_qsys_0_instruction_master_translator_avalon_universal_master_0_agent"
Info: nios2_qsys_0_jtag_debug_module_translator_avalon_universal_slave_0_agent: "mm_interconnect_0" instantiated altera_merlin_slave_agent "nios2_qsys_0_jtag_debug_module_translator_avalon_universal_slave_0_agent"
Info: nios2_qsys_0_jtag_debug_module_translator_avalon_universal_slave_0_agent_rsp_fifo: "mm_interconnect_0" instantiated altera_avalon_sc_fifo "nios2_qsys_0_jtag_debug_module_translator_avalon_universal_slave_0_agent_rsp_fifo"
Info: addr_router: "mm_interconnect_0" instantiated altera_merlin_router "addr_router"
Info: addr_router_001: "mm_interconnect_0" instantiated altera_merlin_router "addr_router_001"
Info: id_router: "mm_interconnect_0" instantiated altera_merlin_router "id_router"
Info: id_router_002: "mm_interconnect_0" instantiated altera_merlin_router "id_router_002"
Info: limiter: "mm_interconnect_0" instantiated altera_merlin_traffic_limiter "limiter"
Info: Reusing file E:/1AAA/2_Verilog/cnc/qsys/hardware/qsys/synthesis/submodules/altera_avalon_sc_fifo.v
Info: cmd_xbar_demux: "mm_interconnect_0" instantiated altera_merlin_demultiplexer "cmd_xbar_demux"
Info: cmd_xbar_demux_001: "mm_interconnect_0" instantiated altera_merlin_demultiplexer "cmd_xbar_demux_001"
Info: cmd_xbar_mux: "mm_interconnect_0" instantiated altera_merlin_multiplexer "cmd_xbar_mux"
Info: cmd_xbar_mux_002: "mm_interconnect_0" instantiated altera_merlin_multiplexer "cmd_xbar_mux_002"
Info: Reusing file E:/1AAA/2_Verilog/cnc/qsys/hardware/qsys/synthesis/submodules/altera_merlin_arbitrator.sv
Info: rsp_xbar_demux: "mm_interconnect_0" instantiated altera_merlin_demultiplexer "rsp_xbar_demux"
Info: rsp_xbar_demux_002: "mm_interconnect_0" instantiated altera_merlin_demultiplexer "rsp_xbar_demux_002"
Info: rsp_xbar_mux: "mm_interconnect_0" instantiated altera_merlin_multiplexer "rsp_xbar_mux"
Info: Reusing file E:/1AAA/2_Verilog/cnc/qsys/hardware/qsys/synthesis/submodules/altera_merlin_arbitrator.sv
Info: rsp_xbar_mux_001: "mm_interconnect_0" instantiated altera_merlin_multiplexer "rsp_xbar_mux_001"
Info: Reusing file E:/1AAA/2_Verilog/cnc/qsys/hardware/qsys/synthesis/submodules/altera_merlin_arbitrator.sv
Info: qsys: Done "qsys" with 26 modules, 47 files, 1144884 bytes
Info: ip-generate succeeded.
Info: Finished: Create HDL design files for synthesis
