Info: Starting: Create block symbol file (.bsf)
Info: ip-generate --project-directory=D:/Code/quartus/spi_123/qsys/hardware/ --output-directory=D:/Code/quartus/spi_123/qsys/hardware/ --report-file=bsf:D:/Code/quartus/spi_123/qsys/hardware/qsys.bsf --system-info=DEVICE_FAMILY="Cyclone IV GX" --system-info=DEVICE=EP4CGX75CF23I7 --system-info=DEVICE_SPEEDGRADE=7 --component-file=D:/Code/quartus/spi_123/qsys/hardware/qsys.qsys
Progress: Loading hardware/qsys.qsys
Progress: Reading input file
Progress: Adding clk [clock_source 13.1]
Progress: Parameterizing module clk
Progress: Adding nios2 [altera_nios2_qsys 13.1]
Progress: Parameterizing module nios2
Progress: Adding onchip_ram [altera_avalon_onchip_memory2 13.1]
Progress: Parameterizing module onchip_ram
Progress: Adding jtag_uart [altera_avalon_jtag_uart 13.1]
Progress: Parameterizing module jtag_uart
Progress: Adding pio_dda [altera_avalon_pio 13.1]
Progress: Parameterizing module pio_dda
Progress: Adding pio_irq [altera_avalon_pio 13.1]
Progress: Parameterizing module pio_irq
Progress: Adding pio_start [altera_avalon_pio 13.1]
Progress: Parameterizing module pio_start
Progress: Adding epcs_flash [altera_avalon_epcs_flash_controller 13.1]
Progress: Parameterizing module epcs_flash
Progress: Adding spi [altera_avalon_spi 13.1]
Progress: Parameterizing module spi
Progress: Adding sysid_qsys [altera_avalon_sysid_qsys 13.1]
Progress: Parameterizing module sysid_qsys
Progress: Building connections
Progress: Parameterizing connections
Progress: Validating
Progress: Done reading input file
Info: qsys.pio_irq: PIO inputs are not hardwired in test bench. Undefined values will be read from PIO inputs during simulation.
Info: qsys.epcs_flash: Dedicated AS interface is not supported, signals are exported to top level design.
Info: qsys.sysid_qsys: System ID is not assigned automatically. Edit the System ID parameter to provide a unique ID
Info: qsys.sysid_qsys: Time stamp will be automatically updated when this component is generated.
Info: ip-generate succeeded.
Info: Finished: Create block symbol file (.bsf)
Info: 
Info: Starting: Create HDL design files for synthesis
Info: ip-generate --project-directory=D:/Code/quartus/spi_123/qsys/hardware/ --output-directory=D:/Code/quartus/spi_123/qsys/hardware/synthesis/ --file-set=QUARTUS_SYNTH --report-file=html:D:/Code/quartus/spi_123/qsys/hardware/qsys.html --report-file=sopcinfo:D:/Code/quartus/spi_123/qsys/hardware/qsys.sopcinfo --report-file=cmp:D:/Code/quartus/spi_123/qsys/hardware/qsys.cmp --report-file=qip:D:/Code/quartus/spi_123/qsys/hardware/synthesis/qsys.qip --report-file=svd --report-file=regmap:D:/Code/quartus/spi_123/qsys/hardware/synthesis/qsys.regmap --report-file=debuginfo:D:/Code/quartus/spi_123/qsys/hardware/synthesis/qsys.debuginfo --system-info=DEVICE_FAMILY="Cyclone IV GX" --system-info=DEVICE=EP4CGX75CF23I7 --system-info=DEVICE_SPEEDGRADE=7 --component-file=D:/Code/quartus/spi_123/qsys/hardware/qsys.qsys --language=VERILOG
Progress: Loading hardware/qsys.qsys
Progress: Reading input file
Progress: Adding clk [clock_source 13.1]
Progress: Parameterizing module clk
Progress: Adding nios2 [altera_nios2_qsys 13.1]
Progress: Parameterizing module nios2
Progress: Adding onchip_ram [altera_avalon_onchip_memory2 13.1]
Progress: Parameterizing module onchip_ram
Progress: Adding jtag_uart [altera_avalon_jtag_uart 13.1]
Progress: Parameterizing module jtag_uart
Progress: Adding pio_dda [altera_avalon_pio 13.1]
Progress: Parameterizing module pio_dda
Progress: Adding pio_irq [altera_avalon_pio 13.1]
Progress: Parameterizing module pio_irq
Progress: Adding pio_start [altera_avalon_pio 13.1]
Progress: Parameterizing module pio_start
Progress: Adding epcs_flash [altera_avalon_epcs_flash_controller 13.1]
Progress: Parameterizing module epcs_flash
Progress: Adding spi [altera_avalon_spi 13.1]
Progress: Parameterizing module spi
Progress: Adding sysid_qsys [altera_avalon_sysid_qsys 13.1]
Progress: Parameterizing module sysid_qsys
Progress: Building connections
Progress: Parameterizing connections
Progress: Validating
Progress: Done reading input file
Info: qsys.pio_irq: PIO inputs are not hardwired in test bench. Undefined values will be read from PIO inputs during simulation.
Info: qsys.epcs_flash: Dedicated AS interface is not supported, signals are exported to top level design.
Info: qsys.sysid_qsys: System ID is not assigned automatically. Edit the System ID parameter to provide a unique ID
Info: qsys.sysid_qsys: Time stamp will be automatically updated when this component is generated.
Info: qsys: Generating qsys "qsys" for QUARTUS_SYNTH
Info: pipeline_bridge_swap_transform: After transform: 10 modules, 43 connections
Info: No custom instruction connections, skipping transform 
Info: merlin_initial_interconnect_transform: After transform: 10 modules, 39 connections
Info: merlin_translator_transform: After transform: 21 modules, 83 connections
Info: merlin_domain_transform: After transform: 42 modules, 224 connections
Info: merlin_router_transform: After transform: 53 modules, 268 connections
Info: merlin_traffic_limiter_transform: After transform: 55 modules, 278 connections
Info: merlin_network_to_switch_transform: After transform: 76 modules, 335 connections
Info: limiter_update_transform: After transform: 76 modules, 337 connections
Info: merlin_clock_and_reset_bridge_transform: After transform: 78 modules, 414 connections
Info: merlin_hierarchy_transform: After transform: 11 modules, 45 connections
Info: merlin_mm_transform: After transform: 11 modules, 45 connections
Info: merlin_interrupt_mapper_transform: After transform: 12 modules, 49 connections
Info: reset_adaptation_transform: After transform: 14 modules, 50 connections
Warning: qsys: "No matching role found for epcs_flash:epcs_control_port:endofpacket (endofpacket)"
Warning: qsys: "No matching role found for epcs_flash:epcs_control_port:dataavailable (dataavailable)"
Warning: qsys: "No matching role found for epcs_flash:epcs_control_port:readyfordata (readyfordata)"
Info: nios2: Starting RTL generation for module 'qsys_nios2'
Info: nios2:   Generation command is [exec D:/altera/13.1/quartus/bin/eperlcmd.exe -I D:/altera/13.1/quartus/bin/perl/lib -I D:/altera/13.1/quartus/sopc_builder/bin/europa -I D:/altera/13.1/quartus/sopc_builder/bin/perl_lib -I D:/altera/13.1/quartus/sopc_builder/bin -I D:/altera/13.1/quartus/../ip/altera/nios2_ip/altera_nios2/cpu_lib -I D:/altera/13.1/quartus/../ip/altera/nios2_ip/altera_nios2/nios_lib -I D:/altera/13.1/quartus/../ip/altera/nios2_ip/altera_nios2 -I D:/altera/13.1/quartus/../ip/altera/nios2_ip/altera_nios2 -- D:/altera/13.1/quartus/../ip/altera/nios2_ip/altera_nios2/generate_rtl.epl --name=qsys_nios2 --dir=C:/Users/Tong/AppData/Local/Temp/alt9129_2194114511916634274.dir/0001_nios2_gen/ --quartus_dir=D:/altera/13.1/quartus --verilog --config=C:/Users/Tong/AppData/Local/Temp/alt9129_2194114511916634274.dir/0001_nios2_gen//qsys_nios2_processor_configuration.pl  --do_build_sim=0  ]
Info: nios2: # 2022.05.17 11:54:28 (*) Starting Nios II generation
Info: nios2: # 2022.05.17 11:54:28 (*)   Checking for plaintext license.
Info: nios2: # 2022.05.17 11:54:29 (*)   Plaintext license not found.
Info: nios2: # 2022.05.17 11:54:29 (*)   Checking for encrypted license (non-evaluation).
Info: nios2: # 2022.05.17 11:54:31 (*)   Encrypted license found.  SOF will not be time-limited.
Info: nios2: # 2022.05.17 11:54:31 (*)   Elaborating CPU configuration settings
Info: nios2: # 2022.05.17 11:54:31 (*)   Creating all objects for CPU
Info: nios2: # 2022.05.17 11:54:31 (*)     Testbench
Info: nios2: # 2022.05.17 11:54:31 (*)     Instruction decoding
Info: nios2: # 2022.05.17 11:54:31 (*)       Instruction fields
Info: nios2: # 2022.05.17 11:54:31 (*)       Instruction decodes
Info: nios2: # 2022.05.17 11:54:32 (*)       Signals for RTL simulation waveforms
Info: nios2: # 2022.05.17 11:54:32 (*)       Instruction controls
Info: nios2: # 2022.05.17 11:54:32 (*)     Pipeline frontend
Info: nios2: # 2022.05.17 11:54:33 (*)     Pipeline backend
Info: nios2: # 2022.05.17 11:54:35 (*)   Generating RTL from CPU objects
Info: nios2: # 2022.05.17 11:54:39 (*)   Creating encrypted RTL
Info: nios2: # 2022.05.17 11:54:40 (*) Done Nios II generation
Info: nios2: Done RTL generation for module 'qsys_nios2'
Info: nios2: "qsys" instantiated altera_nios2_qsys "nios2"
Info: onchip_ram: Starting RTL generation for module 'qsys_onchip_ram'
Info: onchip_ram:   Generation command is [exec D:/altera/13.1/quartus/bin/perl/bin/perl.exe -I D:/altera/13.1/quartus/bin/perl/lib -I D:/altera/13.1/quartus/sopc_builder/bin/europa -I D:/altera/13.1/quartus/sopc_builder/bin/perl_lib -I D:/altera/13.1/quartus/sopc_builder/bin -I D:/altera/13.1/quartus/../ip/altera/sopc_builder_ip/common -I D:/altera/13.1/quartus/../ip/altera/sopc_builder_ip/altera_avalon_onchip_memory2 -- D:/altera/13.1/quartus/../ip/altera/sopc_builder_ip/altera_avalon_onchip_memory2/generate_rtl.pl --name=qsys_onchip_ram --dir=C:/Users/Tong/AppData/Local/Temp/alt9129_2194114511916634274.dir/0002_onchip_ram_gen/ --quartus_dir=D:/altera/13.1/quartus --verilog --config=C:/Users/Tong/AppData/Local/Temp/alt9129_2194114511916634274.dir/0002_onchip_ram_gen//qsys_onchip_ram_component_configuration.pl  --do_build_sim=0  ]
Info: onchip_ram: Done RTL generation for module 'qsys_onchip_ram'
Info: onchip_ram: "qsys" instantiated altera_avalon_onchip_memory2 "onchip_ram"
Info: jtag_uart: Starting RTL generation for module 'qsys_jtag_uart'
Info: jtag_uart:   Generation command is [exec D:/altera/13.1/quartus/bin/perl/bin/perl.exe -I D:/altera/13.1/quartus/bin/perl/lib -I D:/altera/13.1/quartus/sopc_builder/bin/europa -I D:/altera/13.1/quartus/sopc_builder/bin/perl_lib -I D:/altera/13.1/quartus/sopc_builder/bin -I D:/altera/13.1/quartus/../ip/altera/sopc_builder_ip/common -I D:/altera/13.1/quartus/../ip/altera/sopc_builder_ip/altera_avalon_jtag_uart -- D:/altera/13.1/quartus/../ip/altera/sopc_builder_ip/altera_avalon_jtag_uart/generate_rtl.pl --name=qsys_jtag_uart --dir=C:/Users/Tong/AppData/Local/Temp/alt9129_2194114511916634274.dir/0003_jtag_uart_gen/ --quartus_dir=D:/altera/13.1/quartus --verilog --config=C:/Users/Tong/AppData/Local/Temp/alt9129_2194114511916634274.dir/0003_jtag_uart_gen//qsys_jtag_uart_component_configuration.pl  --do_build_sim=0  ]
Info: jtag_uart: Done RTL generation for module 'qsys_jtag_uart'
Info: jtag_uart: "qsys" instantiated altera_avalon_jtag_uart "jtag_uart"
Info: pio_dda: Starting RTL generation for module 'qsys_pio_dda'
Info: pio_dda:   Generation command is [exec D:/altera/13.1/quartus/bin/perl/bin/perl.exe -I D:/altera/13.1/quartus/bin/perl/lib -I D:/altera/13.1/quartus/sopc_builder/bin/europa -I D:/altera/13.1/quartus/sopc_builder/bin/perl_lib -I D:/altera/13.1/quartus/sopc_builder/bin -I D:/altera/13.1/quartus/../ip/altera/sopc_builder_ip/common -I D:/altera/13.1/quartus/../ip/altera/sopc_builder_ip/altera_avalon_pio -- D:/altera/13.1/quartus/../ip/altera/sopc_builder_ip/altera_avalon_pio/generate_rtl.pl --name=qsys_pio_dda --dir=C:/Users/Tong/AppData/Local/Temp/alt9129_2194114511916634274.dir/0004_pio_dda_gen/ --quartus_dir=D:/altera/13.1/quartus --verilog --config=C:/Users/Tong/AppData/Local/Temp/alt9129_2194114511916634274.dir/0004_pio_dda_gen//qsys_pio_dda_component_configuration.pl  --do_build_sim=0  ]
Info: pio_dda: Done RTL generation for module 'qsys_pio_dda'
Info: pio_dda: "qsys" instantiated altera_avalon_pio "pio_dda"
Info: pio_irq: Starting RTL generation for module 'qsys_pio_irq'
Info: pio_irq:   Generation command is [exec D:/altera/13.1/quartus/bin/perl/bin/perl.exe -I D:/altera/13.1/quartus/bin/perl/lib -I D:/altera/13.1/quartus/sopc_builder/bin/europa -I D:/altera/13.1/quartus/sopc_builder/bin/perl_lib -I D:/altera/13.1/quartus/sopc_builder/bin -I D:/altera/13.1/quartus/../ip/altera/sopc_builder_ip/common -I D:/altera/13.1/quartus/../ip/altera/sopc_builder_ip/altera_avalon_pio -- D:/altera/13.1/quartus/../ip/altera/sopc_builder_ip/altera_avalon_pio/generate_rtl.pl --name=qsys_pio_irq --dir=C:/Users/Tong/AppData/Local/Temp/alt9129_2194114511916634274.dir/0005_pio_irq_gen/ --quartus_dir=D:/altera/13.1/quartus --verilog --config=C:/Users/Tong/AppData/Local/Temp/alt9129_2194114511916634274.dir/0005_pio_irq_gen//qsys_pio_irq_component_configuration.pl  --do_build_sim=0  ]
Info: pio_irq: Done RTL generation for module 'qsys_pio_irq'
Info: pio_irq: "qsys" instantiated altera_avalon_pio "pio_irq"
Info: pio_start: Starting RTL generation for module 'qsys_pio_start'
Info: pio_start:   Generation command is [exec D:/altera/13.1/quartus/bin/perl/bin/perl.exe -I D:/altera/13.1/quartus/bin/perl/lib -I D:/altera/13.1/quartus/sopc_builder/bin/europa -I D:/altera/13.1/quartus/sopc_builder/bin/perl_lib -I D:/altera/13.1/quartus/sopc_builder/bin -I D:/altera/13.1/quartus/../ip/altera/sopc_builder_ip/common -I D:/altera/13.1/quartus/../ip/altera/sopc_builder_ip/altera_avalon_pio -- D:/altera/13.1/quartus/../ip/altera/sopc_builder_ip/altera_avalon_pio/generate_rtl.pl --name=qsys_pio_start --dir=C:/Users/Tong/AppData/Local/Temp/alt9129_2194114511916634274.dir/0006_pio_start_gen/ --quartus_dir=D:/altera/13.1/quartus --verilog --config=C:/Users/Tong/AppData/Local/Temp/alt9129_2194114511916634274.dir/0006_pio_start_gen//qsys_pio_start_component_configuration.pl  --do_build_sim=0  ]
Info: pio_start: Done RTL generation for module 'qsys_pio_start'
Info: pio_start: "qsys" instantiated altera_avalon_pio "pio_start"
Info: epcs_flash: Starting RTL generation for module 'qsys_epcs_flash'
Info: epcs_flash:   Generation command is [exec D:/altera/13.1/quartus/bin/perl/bin/perl.exe -I D:/altera/13.1/quartus/bin/perl/lib -I D:/altera/13.1/quartus/sopc_builder/bin/europa -I D:/altera/13.1/quartus/sopc_builder/bin/perl_lib -I D:/altera/13.1/quartus/sopc_builder/bin -I D:/altera/13.1/quartus/../ip/altera/sopc_builder_ip/common -I D:/altera/13.1/quartus/../ip/altera/sopc_builder_ip/altera_avalon_epcs_flash_controller -- D:/altera/13.1/quartus/../ip/altera/sopc_builder_ip/altera_avalon_epcs_flash_controller/generate_rtl.pl --name=qsys_epcs_flash --dir=C:/Users/Tong/AppData/Local/Temp/alt9129_2194114511916634274.dir/0007_epcs_flash_gen/ --quartus_dir=D:/altera/13.1/quartus --verilog --config=C:/Users/Tong/AppData/Local/Temp/alt9129_2194114511916634274.dir/0007_epcs_flash_gen//qsys_epcs_flash_component_configuration.pl  --do_build_sim=0  ]
Info: epcs_flash: Done RTL generation for module 'qsys_epcs_flash'
Info: epcs_flash: "qsys" instantiated altera_avalon_epcs_flash_controller "epcs_flash"
Info: spi: Starting RTL generation for module 'qsys_spi'
Info: spi:   Generation command is [exec D:/altera/13.1/quartus/bin/perl/bin/perl.exe -I D:/altera/13.1/quartus/bin/perl/lib -I D:/altera/13.1/quartus/sopc_builder/bin/europa -I D:/altera/13.1/quartus/sopc_builder/bin/perl_lib -I D:/altera/13.1/quartus/sopc_builder/bin -I D:/altera/13.1/quartus/../ip/altera/sopc_builder_ip/common -I D:/altera/13.1/quartus/../ip/altera/sopc_builder_ip/altera_avalon_spi -- D:/altera/13.1/quartus/../ip/altera/sopc_builder_ip/altera_avalon_spi/generate_rtl.pl --name=qsys_spi --dir=C:/Users/Tong/AppData/Local/Temp/alt9129_2194114511916634274.dir/0008_spi_gen/ --quartus_dir=D:/altera/13.1/quartus --verilog --config=C:/Users/Tong/AppData/Local/Temp/alt9129_2194114511916634274.dir/0008_spi_gen//qsys_spi_component_configuration.pl  --do_build_sim=0  ]
Info: spi: Done RTL generation for module 'qsys_spi'
Info: spi: "qsys" instantiated altera_avalon_spi "spi"
Info: sysid_qsys: "qsys" instantiated altera_avalon_sysid_qsys "sysid_qsys"
Info: pipeline_bridge_swap_transform: After transform: 68 modules, 234 connections
Info: No custom instruction connections, skipping transform 
Info: merlin_initial_interconnect_transform: After transform: 0 modules, 0 connections
Info: No Avalon connections, skipping transform 
Info: merlin_hierarchy_transform: After transform: 68 modules, 234 connections
Info: merlin_initial_interconnect_transform: After transform: 0 modules, 0 connections
Info: No Avalon connections, skipping transform 
Info: merlin_hierarchy_transform: After transform: 68 modules, 234 connections
Info: merlin_initial_interconnect_transform: After transform: 0 modules, 0 connections
Info: No Avalon connections, skipping transform 
Info: merlin_hierarchy_transform: After transform: 68 modules, 234 connections
Info: merlin_initial_interconnect_transform: After transform: 0 modules, 0 connections
Info: No Avalon connections, skipping transform 
Info: merlin_hierarchy_transform: After transform: 68 modules, 234 connections
Info: merlin_initial_interconnect_transform: After transform: 0 modules, 0 connections
Info: No Avalon connections, skipping transform 
Info: merlin_hierarchy_transform: After transform: 68 modules, 234 connections
Info: merlin_initial_interconnect_transform: After transform: 0 modules, 0 connections
Info: No Avalon connections, skipping transform 
Info: merlin_hierarchy_transform: After transform: 68 modules, 234 connections
Info: merlin_initial_interconnect_transform: After transform: 0 modules, 0 connections
Info: No Avalon connections, skipping transform 
Info: merlin_hierarchy_transform: After transform: 68 modules, 234 connections
Info: merlin_initial_interconnect_transform: After transform: 0 modules, 0 connections
Info: No Avalon connections, skipping transform 
Info: merlin_hierarchy_transform: After transform: 68 modules, 234 connections
Info: merlin_initial_interconnect_transform: After transform: 0 modules, 0 connections
Info: No Avalon connections, skipping transform 
Info: merlin_hierarchy_transform: After transform: 68 modules, 234 connections
Info: merlin_initial_interconnect_transform: After transform: 0 modules, 0 connections
Info: No Avalon connections, skipping transform 
Info: merlin_hierarchy_transform: After transform: 68 modules, 234 connections
Info: merlin_initial_interconnect_transform: After transform: 0 modules, 0 connections
Info: No Avalon connections, skipping transform 
Info: merlin_hierarchy_transform: After transform: 68 modules, 234 connections
Info: mm_interconnect_0: "qsys" instantiated altera_merlin_interconnect_wrapper "mm_interconnect_0"
Info: irq_mapper: "qsys" instantiated altera_irq_mapper "irq_mapper"
Info: rst_controller: "qsys" instantiated altera_reset_controller "rst_controller"
Info: nios2_instruction_master_translator: "mm_interconnect_0" instantiated altera_merlin_master_translator "nios2_instruction_master_translator"
Info: nios2_jtag_debug_module_translator: "mm_interconnect_0" instantiated altera_merlin_slave_translator "nios2_jtag_debug_module_translator"
Info: nios2_instruction_master_translator_avalon_universal_master_0_agent: "mm_interconnect_0" instantiated altera_merlin_master_agent "nios2_instruction_master_translator_avalon_universal_master_0_agent"
Info: nios2_jtag_debug_module_translator_avalon_universal_slave_0_agent: "mm_interconnect_0" instantiated altera_merlin_slave_agent "nios2_jtag_debug_module_translator_avalon_universal_slave_0_agent"
Info: nios2_jtag_debug_module_translator_avalon_universal_slave_0_agent_rsp_fifo: "mm_interconnect_0" instantiated altera_avalon_sc_fifo "nios2_jtag_debug_module_translator_avalon_universal_slave_0_agent_rsp_fifo"
Info: addr_router: "mm_interconnect_0" instantiated altera_merlin_router "addr_router"
Info: addr_router_001: "mm_interconnect_0" instantiated altera_merlin_router "addr_router_001"
Info: id_router: "mm_interconnect_0" instantiated altera_merlin_router "id_router"
Info: id_router_003: "mm_interconnect_0" instantiated altera_merlin_router "id_router_003"
Info: limiter: "mm_interconnect_0" instantiated altera_merlin_traffic_limiter "limiter"
Info: Reusing file D:/Code/quartus/spi_123/qsys/hardware/synthesis/submodules/altera_avalon_sc_fifo.v
Info: cmd_xbar_demux: "mm_interconnect_0" instantiated altera_merlin_demultiplexer "cmd_xbar_demux"
Info: cmd_xbar_demux_001: "mm_interconnect_0" instantiated altera_merlin_demultiplexer "cmd_xbar_demux_001"
Info: cmd_xbar_mux: "mm_interconnect_0" instantiated altera_merlin_multiplexer "cmd_xbar_mux"
Info: cmd_xbar_mux_003: "mm_interconnect_0" instantiated altera_merlin_multiplexer "cmd_xbar_mux_003"
Info: Reusing file D:/Code/quartus/spi_123/qsys/hardware/synthesis/submodules/altera_merlin_arbitrator.sv
Info: rsp_xbar_demux: "mm_interconnect_0" instantiated altera_merlin_demultiplexer "rsp_xbar_demux"
Info: rsp_xbar_demux_003: "mm_interconnect_0" instantiated altera_merlin_demultiplexer "rsp_xbar_demux_003"
Info: rsp_xbar_mux: "mm_interconnect_0" instantiated altera_merlin_multiplexer "rsp_xbar_mux"
Info: Reusing file D:/Code/quartus/spi_123/qsys/hardware/synthesis/submodules/altera_merlin_arbitrator.sv
Info: rsp_xbar_mux_001: "mm_interconnect_0" instantiated altera_merlin_multiplexer "rsp_xbar_mux_001"
Info: Reusing file D:/Code/quartus/spi_123/qsys/hardware/synthesis/submodules/altera_merlin_arbitrator.sv
Info: qsys: Done "qsys" with 31 modules, 53 files, 1497396 bytes
Info: ip-generate succeeded.
Info: Finished: Create HDL design files for synthesis
